# JRE version: OpenJDK Runtime Environment (Zulu 8.52.0.23-CA-win64) (8.0_282-b08) (build 1.8.0_282-b08)
# Java VM: OpenJDK 64-Bit Server VM (25.282-b08 mixed mode windows-amd64 compressed oops)
Heap:
 PSYoungGen      total 287232K, used 139037K [0x00000000d5580000, 0x00000000f8000000, 0x0000000100000000)
  eden space 286208K, 48% used [0x00000000d5580000,0x00000000ddc51540,0x00000000e6d00000)
  from space 1024K, 96% used [0x00000000f7f00000,0x00000000f7ff6030,0x00000000f8000000)
  to   space 1536K, 0% used [0x00000000f7d00000,0x00000000f7d00000,0x00000000f7e80000)
 ParOldGen       total 163328K, used 54002K [0x0000000080000000, 0x0000000089f80000, 0x00000000d5580000)
  object space 163328K, 33% used [0x0000000080000000,0x00000000834bca48,0x0000000089f80000)
 Metaspace       used 44850K, capacity 47272K, committed 47488K, reserved 1091584K
  class space    used 5259K, capacity 5995K, committed 6016K, reserved 1048576K
GC Heap History (10 events):
Event: 1698.866 GC heap before
{Heap before GC invocations=178 (full 2):
 PSYoungGen      total 241664K, used 241272K [0x00000000d5580000, 0x00000000f8280000, 0x0000000100000000)
  eden space 240640K, 100% used [0x00000000d5580000,0x00000000e4080000,0x00000000e4080000)
  from space 1024K, 61% used [0x00000000f8000000,0x00000000f809e040,0x00000000f8100000)
  to   space 1536K, 0% used [0x00000000f8100000,0x00000000f8100000,0x00000000f8280000)
 ParOldGen       total 163328K, used 53688K [0x0000000080000000, 0x0000000089f80000, 0x00000000d5580000)
  object space 163328K, 32% used [0x0000000080000000,0x000000008346e260,0x0000000089f80000)
 Metaspace       used 44630K, capacity 47014K, committed 47232K, reserved 1091584K
  class space    used 5245K, capacity 5962K, committed 6016K, reserved 1048576K
Event: 1698.869 GC heap after
Heap after GC invocations=178 (full 2):
 PSYoungGen      total 261632K, used 600K [0x00000000d5580000, 0x00000000f8200000, 0x0000000100000000)
  eden space 260608K, 0% used [0x00000000d5580000,0x00000000d5580000,0x00000000e5400000)
  from space 1024K, 58% used [0x00000000f8100000,0x00000000f8196040,0x00000000f8200000)
  to   space 1536K, 0% used [0x00000000f7f00000,0x00000000f7f00000,0x00000000f8080000)
 ParOldGen       total 163328K, used 53688K [0x0000000080000000, 0x0000000089f80000, 0x00000000d5580000)
  object space 163328K, 32% used [0x0000000080000000,0x000000008346e260,0x0000000089f80000)
 Metaspace       used 44630K, capacity 47014K, committed 47232K, reserved 1091584K
  class space    used 5245K, capacity 5962K, committed 6016K, reserved 1048576K
}
Event: 1699.196 GC heap before
{Heap before GC invocations=179 (full 2):
 PSYoungGen      total 261632K, used 261208K [0x00000000d5580000, 0x00000000f8200000, 0x0000000100000000)
  eden space 260608K, 100% used [0x00000000d5580000,0x00000000e5400000,0x00000000e5400000)
  from space 1024K, 58% used [0x00000000f8100000,0x00000000f8196040,0x00000000f8200000)
  to   space 1536K, 0% used [0x00000000f7f00000,0x00000000f7f00000,0x00000000f8080000)
 ParOldGen       total 163328K, used 53688K [0x0000000080000000, 0x0000000089f80000, 0x00000000d5580000)
  object space 163328K, 32% used [0x0000000080000000,0x000000008346e260,0x0000000089f80000)
 Metaspace       used 44630K, capacity 47014K, committed 47232K, reserved 1091584K
  class space    used 5245K, capacity 5962K, committed 6016K, reserved 1048576K
Event: 1699.199 GC heap after
Heap after GC invocations=179 (full 2):
 PSYoungGen      total 283648K, used 600K [0x00000000d5580000, 0x00000000f8180000, 0x0000000100000000)
  eden space 282624K, 0% used [0x00000000d5580000,0x00000000d5580000,0x00000000e6980000)
  from space 1024K, 58% used [0x00000000f7f00000,0x00000000f7f96040,0x00000000f8000000)
  to   space 1536K, 0% used [0x00000000f8000000,0x00000000f8000000,0x00000000f8180000)
 ParOldGen       total 163328K, used 53688K [0x0000000080000000, 0x0000000089f80000, 0x00000000d5580000)
  object space 163328K, 32% used [0x0000000080000000,0x000000008346e260,0x0000000089f80000)
 Metaspace       used 44630K, capacity 47014K, committed 47232K, reserved 1091584K
  class space    used 5245K, capacity 5962K, committed 6016K, reserved 1048576K
}
Event: 1699.550 GC heap before
{Heap before GC invocations=180 (full 2):
 PSYoungGen      total 283648K, used 283224K [0x00000000d5580000, 0x00000000f8180000, 0x0000000100000000)
  eden space 282624K, 100% used [0x00000000d5580000,0x00000000e6980000,0x00000000e6980000)
  from space 1024K, 58% used [0x00000000f7f00000,0x00000000f7f96040,0x00000000f8000000)
  to   space 1536K, 0% used [0x00000000f8000000,0x00000000f8000000,0x00000000f8180000)
 ParOldGen       total 163328K, used 53688K [0x0000000080000000, 0x0000000089f80000, 0x00000000d5580000)
  object space 163328K, 32% used [0x0000000080000000,0x000000008346e260,0x0000000089f80000)
 Metaspace       used 44630K, capacity 47014K, committed 47232K, reserved 1091584K
  class space    used 5245K, capacity 5962K, committed 6016K, reserved 1048576K
Event: 1699.553 GC heap after
Heap after GC invocations=180 (full 2):
 PSYoungGen      total 307200K, used 632K [0x00000000d5580000, 0x00000000f8100000, 0x0000000100000000)
  eden space 306176K, 0% used [0x00000000d5580000,0x00000000d5580000,0x00000000e8080000)
  from space 1024K, 61% used [0x00000000f8000000,0x00000000f809e040,0x00000000f8100000)
  to   space 1536K, 0% used [0x00000000f7e00000,0x00000000f7e00000,0x00000000f7f80000)
 ParOldGen       total 163328K, used 53688K [0x0000000080000000, 0x0000000089f80000, 0x00000000d5580000)
  object space 163328K, 32% used [0x0000000080000000,0x000000008346e260,0x0000000089f80000)
 Metaspace       used 44630K, capacity 47014K, committed 47232K, reserved 1091584K
  class space    used 5245K, capacity 5962K, committed 6016K, reserved 1048576K
}
Event: 1699.937 GC heap before
{Heap before GC invocations=181 (full 2):
 PSYoungGen      total 307200K, used 306808K [0x00000000d5580000, 0x00000000f8100000, 0x0000000100000000)
  eden space 306176K, 100% used [0x00000000d5580000,0x00000000e8080000,0x00000000e8080000)
  from space 1024K, 61% used [0x00000000f8000000,0x00000000f809e040,0x00000000f8100000)
  to   space 1536K, 0% used [0x00000000f7e00000,0x00000000f7e00000,0x00000000f7f80000)
 ParOldGen       total 163328K, used 53688K [0x0000000080000000, 0x0000000089f80000, 0x00000000d5580000)
  object space 163328K, 32% used [0x0000000080000000,0x000000008346e260,0x0000000089f80000)
 Metaspace       used 44630K, capacity 47014K, committed 47232K, reserved 1091584K
  class space    used 5245K, capacity 5962K, committed 6016K, reserved 1048576K
Event: 1699.940 GC heap after
Heap after GC invocations=181 (full 2):
 PSYoungGen      total 296960K, used 600K [0x00000000d5580000, 0x00000000f8080000, 0x0000000100000000)
  eden space 295936K, 0% used [0x00000000d5580000,0x00000000d5580000,0x00000000e7680000)
  from space 1024K, 58% used [0x00000000f7e00000,0x00000000f7e96040,0x00000000f7f00000)
  to   space 1536K, 0% used [0x00000000f7f00000,0x00000000f7f00000,0x00000000f8080000)
 ParOldGen       total 163328K, used 53688K [0x0000000080000000, 0x0000000089f80000, 0x00000000d5580000)
  object space 163328K, 32% used [0x0000000080000000,0x000000008346e260,0x0000000089f80000)
 Metaspace       used 44630K, capacity 47014K, committed 47232K, reserved 1091584K
  class space    used 5245K, capacity 5962K, committed 6016K, reserved 1048576K
}
Event: 2004.117 GC heap before
{Heap before GC invocations=182 (full 2):
 PSYoungGen      total 296960K, used 296536K [0x00000000d5580000, 0x00000000f8080000, 0x0000000100000000)
  eden space 295936K, 100% used [0x00000000d5580000,0x00000000e7680000,0x00000000e7680000)
  from space 1024K, 58% used [0x00000000f7e00000,0x00000000f7e96040,0x00000000f7f00000)
  to   space 1536K, 0% used [0x00000000f7f00000,0x00000000f7f00000,0x00000000f8080000)
 ParOldGen       total 163328K, used 53688K [0x0000000080000000, 0x0000000089f80000, 0x00000000d5580000)
  object space 163328K, 32% used [0x0000000080000000,0x000000008346e260,0x0000000089f80000)
 Metaspace       used 44699K, capacity 47126K, committed 47232K, reserved 1091584K
  class space    used 5251K, capacity 5973K, committed 6016K, reserved 1048576K
Event: 2004.121 GC heap after
Heap after GC invocations=182 (full 2):
 PSYoungGen      total 287232K, used 984K [0x00000000d5580000, 0x00000000f8000000, 0x0000000100000000)
  eden space 286208K, 0% used [0x00000000d5580000,0x00000000d5580000,0x00000000e6d00000)
  from space 1024K, 96% used [0x00000000f7f00000,0x00000000f7ff6030,0x00000000f8000000)
  to   space 1536K, 0% used [0x00000000f7d00000,0x00000000f7d00000,0x00000000f7e80000)
 ParOldGen       total 163328K, used 54002K [0x0000000080000000, 0x0000000089f80000, 0x00000000d5580000)
  object space 163328K, 33% used [0x0000000080000000,0x00000000834bca48,0x0000000089f80000)
 Metaspace       used 44699K, capacity 47126K, committed 47232K, reserved 1091584K
  class space    used 5251K, capacity 5973K, committed 6016K, reserved 1048576K
}

