# JRE version: OpenJDK Runtime Environment (Zulu 8.52.0.23-CA-win64) (8.0_282-b08) (build 1.8.0_282-b08)
# Java VM: OpenJDK 64-Bit Server VM (25.282-b08 mixed mode windows-amd64 compressed oops)
Heap:
 PSYoungGen      total 686592K, used 425599K [0x00000000d5580000, 0x00000000fff00000, 0x0000000100000000)
  eden space 676352K, 62% used [0x00000000d5580000,0x00000000ef46fbe8,0x00000000fea00000)
  from space 10240K, 6% used [0x00000000ff500000,0x00000000ff5b0020,0x00000000fff00000)
  to   space 10752K, 0% used [0x00000000fea00000,0x00000000fea00000,0x00000000ff480000)
 ParOldGen       total 172544K, used 29650K [0x0000000080000000, 0x000000008a880000, 0x00000000d5580000)
  object space 172544K, 17% used [0x0000000080000000,0x0000000081cf4ab8,0x000000008a880000)
 Metaspace       used 43425K, capacity 45492K, committed 45608K, reserved 1089536K
  class space    used 5173K, capacity 5814K, committed 5928K, reserved 1048576K
GC Heap History (10 events):
Event: 199.804 GC heap before
{Heap before GC invocations=38 (full 2):
 PSYoungGen      total 688128K, used 678368K [0x00000000d5580000, 0x0000000100000000, 0x0000000100000000)
  eden space 677376K, 100% used [0x00000000d5580000,0x00000000feb00000,0x00000000feb00000)
  from space 10752K, 9% used [0x00000000feb00000,0x00000000febf8010,0x00000000ff580000)
  to   space 10752K, 0% used [0x00000000ff580000,0x00000000ff580000,0x0000000100000000)
 ParOldGen       total 172544K, used 28986K [0x0000000080000000, 0x000000008a880000, 0x00000000d5580000)
  object space 172544K, 16% used [0x0000000080000000,0x0000000081c4ea88,0x000000008a880000)
 Metaspace       used 43270K, capacity 45304K, committed 45480K, reserved 1089536K
  class space    used 5162K, capacity 5799K, committed 5800K, reserved 1048576K
Event: 199.808 GC heap after
Heap after GC invocations=38 (full 2):
 PSYoungGen      total 687104K, used 1368K [0x00000000d5580000, 0x0000000100000000, 0x0000000100000000)
  eden space 676352K, 0% used [0x00000000d5580000,0x00000000d5580000,0x00000000fea00000)
  from space 10752K, 12% used [0x00000000ff580000,0x00000000ff6d6380,0x0000000100000000)
  to   space 11264K, 0% used [0x00000000fea00000,0x00000000fea00000,0x00000000ff500000)
 ParOldGen       total 172544K, used 29378K [0x0000000080000000, 0x000000008a880000, 0x00000000d5580000)
  object space 172544K, 17% used [0x0000000080000000,0x0000000081cb0a88,0x000000008a880000)
 Metaspace       used 43270K, capacity 45304K, committed 45480K, reserved 1089536K
  class space    used 5162K, capacity 5799K, committed 5800K, reserved 1048576K
}
Event: 200.650 GC heap before
{Heap before GC invocations=39 (full 2):
 PSYoungGen      total 687104K, used 677720K [0x00000000d5580000, 0x0000000100000000, 0x0000000100000000)
  eden space 676352K, 100% used [0x00000000d5580000,0x00000000fea00000,0x00000000fea00000)
  from space 10752K, 12% used [0x00000000ff580000,0x00000000ff6d6380,0x0000000100000000)
  to   space 11264K, 0% used [0x00000000fea00000,0x00000000fea00000,0x00000000ff500000)
 ParOldGen       total 172544K, used 29378K [0x0000000080000000, 0x000000008a880000, 0x00000000d5580000)
  object space 172544K, 17% used [0x0000000080000000,0x0000000081cb0a88,0x000000008a880000)
 Metaspace       used 43270K, capacity 45304K, committed 45480K, reserved 1089536K
  class space    used 5162K, capacity 5799K, committed 5800K, reserved 1048576K
Event: 200.653 GC heap after
Heap after GC invocations=39 (full 2):
 PSYoungGen      total 687616K, used 640K [0x00000000d5580000, 0x0000000100000000, 0x0000000100000000)
  eden space 676352K, 0% used [0x00000000d5580000,0x00000000d5580000,0x00000000fea00000)
  from space 11264K, 5% used [0x00000000fea00000,0x00000000feaa0020,0x00000000ff500000)
  to   space 11264K, 0% used [0x00000000ff500000,0x00000000ff500000,0x0000000100000000)
 ParOldGen       total 172544K, used 29626K [0x0000000080000000, 0x000000008a880000, 0x00000000d5580000)
  object space 172544K, 17% used [0x0000000080000000,0x0000000081ceeab8,0x000000008a880000)
 Metaspace       used 43270K, capacity 45304K, committed 45480K, reserved 1089536K
  class space    used 5162K, capacity 5799K, committed 5800K, reserved 1048576K
}
Event: 221.601 GC heap before
{Heap before GC invocations=40 (full 2):
 PSYoungGen      total 687616K, used 676992K [0x00000000d5580000, 0x0000000100000000, 0x0000000100000000)
  eden space 676352K, 100% used [0x00000000d5580000,0x00000000fea00000,0x00000000fea00000)
  from space 11264K, 5% used [0x00000000fea00000,0x00000000feaa0020,0x00000000ff500000)
  to   space 11264K, 0% used [0x00000000ff500000,0x00000000ff500000,0x0000000100000000)
 ParOldGen       total 172544K, used 29626K [0x0000000080000000, 0x000000008a880000, 0x00000000d5580000)
  object space 172544K, 17% used [0x0000000080000000,0x0000000081ceeab8,0x000000008a880000)
 Metaspace       used 43306K, capacity 45334K, committed 45608K, reserved 1089536K
  class space    used 5170K, capacity 5808K, committed 5928K, reserved 1048576K
Event: 221.607 GC heap after
Heap after GC invocations=40 (full 2):
 PSYoungGen      total 687616K, used 1380K [0x00000000d5580000, 0x0000000100000000, 0x0000000100000000)
  eden space 676352K, 0% used [0x00000000d5580000,0x00000000d5580000,0x00000000fea00000)
  from space 11264K, 12% used [0x00000000ff500000,0x00000000ff659330,0x0000000100000000)
  to   space 11264K, 0% used [0x00000000fea00000,0x00000000fea00000,0x00000000ff500000)
 ParOldGen       total 172544K, used 29634K [0x0000000080000000, 0x000000008a880000, 0x00000000d5580000)
  object space 172544K, 17% used [0x0000000080000000,0x0000000081cf0ab8,0x000000008a880000)
 Metaspace       used 43306K, capacity 45334K, committed 45608K, reserved 1089536K
  class space    used 5170K, capacity 5808K, committed 5928K, reserved 1048576K
}
Event: 223.062 GC heap before
{Heap before GC invocations=41 (full 2):
 PSYoungGen      total 687616K, used 677732K [0x00000000d5580000, 0x0000000100000000, 0x0000000100000000)
  eden space 676352K, 100% used [0x00000000d5580000,0x00000000fea00000,0x00000000fea00000)
  from space 11264K, 12% used [0x00000000ff500000,0x00000000ff659330,0x0000000100000000)
  to   space 11264K, 0% used [0x00000000fea00000,0x00000000fea00000,0x00000000ff500000)
 ParOldGen       total 172544K, used 29634K [0x0000000080000000, 0x000000008a880000, 0x00000000d5580000)
  object space 172544K, 17% used [0x0000000080000000,0x0000000081cf0ab8,0x000000008a880000)
 Metaspace       used 43306K, capacity 45334K, committed 45608K, reserved 1089536K
  class space    used 5170K, capacity 5808K, committed 5928K, reserved 1048576K
Event: 223.064 GC heap after
Heap after GC invocations=41 (full 2):
 PSYoungGen      total 687616K, used 640K [0x00000000d5580000, 0x0000000100000000, 0x0000000100000000)
  eden space 676352K, 0% used [0x00000000d5580000,0x00000000d5580000,0x00000000fea00000)
  from space 11264K, 5% used [0x00000000fea00000,0x00000000feaa0020,0x00000000ff500000)
  to   space 11264K, 0% used [0x00000000ff500000,0x00000000ff500000,0x0000000100000000)
 ParOldGen       total 172544K, used 29642K [0x0000000080000000, 0x000000008a880000, 0x00000000d5580000)
  object space 172544K, 17% used [0x0000000080000000,0x0000000081cf2ab8,0x000000008a880000)
 Metaspace       used 43306K, capacity 45334K, committed 45608K, reserved 1089536K
  class space    used 5170K, capacity 5808K, committed 5928K, reserved 1048576K
}
Event: 223.918 GC heap before
{Heap before GC invocations=42 (full 2):
 PSYoungGen      total 687616K, used 676992K [0x00000000d5580000, 0x0000000100000000, 0x0000000100000000)
  eden space 676352K, 100% used [0x00000000d5580000,0x00000000fea00000,0x00000000fea00000)
  from space 11264K, 5% used [0x00000000fea00000,0x00000000feaa0020,0x00000000ff500000)
  to   space 11264K, 0% used [0x00000000ff500000,0x00000000ff500000,0x0000000100000000)
 ParOldGen       total 172544K, used 29642K [0x0000000080000000, 0x000000008a880000, 0x00000000d5580000)
  object space 172544K, 17% used [0x0000000080000000,0x0000000081cf2ab8,0x000000008a880000)
 Metaspace       used 43306K, capacity 45334K, committed 45608K, reserved 1089536K
  class space    used 5170K, capacity 5808K, committed 5928K, reserved 1048576K
Event: 223.920 GC heap after
Heap after GC invocations=42 (full 2):
 PSYoungGen      total 686592K, used 704K [0x00000000d5580000, 0x00000000fff00000, 0x0000000100000000)
  eden space 676352K, 0% used [0x00000000d5580000,0x00000000d5580000,0x00000000fea00000)
  from space 10240K, 6% used [0x00000000ff500000,0x00000000ff5b0020,0x00000000fff00000)
  to   space 10752K, 0% used [0x00000000fea00000,0x00000000fea00000,0x00000000ff480000)
 ParOldGen       total 172544K, used 29650K [0x0000000080000000, 0x000000008a880000, 0x00000000d5580000)
  object space 172544K, 17% used [0x0000000080000000,0x0000000081cf4ab8,0x000000008a880000)
 Metaspace       used 43306K, capacity 45334K, committed 45608K, reserved 1089536K
  class space    used 5170K, capacity 5808K, committed 5928K, reserved 1048576K
}

