# JRE version: OpenJDK Runtime Environment (Zulu 8.52.0.23-CA-win64) (8.0_282-b08) (build 1.8.0_282-b08)
# Java VM: OpenJDK 64-Bit Server VM (25.282-b08 mixed mode windows-amd64 compressed oops)
Heap:
 PSYoungGen      total 667648K, used 12888K [0x00000000d5580000, 0x00000000ff980000, 0x0000000100000000)
  eden space 651776K, 1% used [0x00000000d5580000,0x00000000d6216380,0x00000000fd200000)
  from space 15872K, 0% used [0x00000000fe200000,0x00000000fe200000,0x00000000ff180000)
  to   space 16384K, 0% used [0x00000000fd200000,0x00000000fd200000,0x00000000fe200000)
 ParOldGen       total 114176K, used 14286K [0x0000000080000000, 0x0000000086f80000, 0x00000000d5580000)
  object space 114176K, 12% used [0x0000000080000000,0x0000000080df3aa0,0x0000000086f80000)
 Metaspace       used 35068K, capacity 36426K, committed 37248K, reserved 1085440K
  class space    used 3981K, capacity 4425K, committed 4736K, reserved 1048576K
GC Heap History (10 events):
Event: 128.759 GC heap before
{Heap before GC invocations=26 (full 4):
 PSYoungGen      total 667648K, used 0K [0x00000000d5580000, 0x00000000ff980000, 0x0000000100000000)
  eden space 651776K, 0% used [0x00000000d5580000,0x00000000d5580000,0x00000000fd200000)
  from space 15872K, 0% used [0x00000000fe200000,0x00000000fe200000,0x00000000ff180000)
  to   space 16384K, 0% used [0x00000000fd200000,0x00000000fd200000,0x00000000fe200000)
 ParOldGen       total 114176K, used 24482K [0x0000000080000000, 0x0000000086f80000, 0x00000000d5580000)
  object space 114176K, 21% used [0x0000000080000000,0x00000000817e8b48,0x0000000086f80000)
 Metaspace       used 35427K, capacity 37072K, committed 37248K, reserved 1087488K
  class space    used 4133K, capacity 4663K, committed 4736K, reserved 1048576K
Event: 128.862 GC heap after
Heap after GC invocations=26 (full 4):
 PSYoungGen      total 667648K, used 0K [0x00000000d5580000, 0x00000000ff980000, 0x0000000100000000)
  eden space 651776K, 0% used [0x00000000d5580000,0x00000000d5580000,0x00000000fd200000)
  from space 15872K, 0% used [0x00000000fe200000,0x00000000fe200000,0x00000000ff180000)
  to   space 16384K, 0% used [0x00000000fd200000,0x00000000fd200000,0x00000000fe200000)
 ParOldGen       total 114176K, used 15542K [0x0000000080000000, 0x0000000086f80000, 0x00000000d5580000)
  object space 114176K, 13% used [0x0000000080000000,0x0000000080f2db78,0x0000000086f80000)
 Metaspace       used 35006K, capacity 36362K, committed 37248K, reserved 1083392K
  class space    used 3976K, capacity 4425K, committed 4736K, reserved 1048576K
}
Event: 128.868 GC heap before
{Heap before GC invocations=27 (full 4):
 PSYoungGen      total 667648K, used 12888K [0x00000000d5580000, 0x00000000ff980000, 0x0000000100000000)
  eden space 651776K, 1% used [0x00000000d5580000,0x00000000d62163e8,0x00000000fd200000)
  from space 15872K, 0% used [0x00000000fe200000,0x00000000fe200000,0x00000000ff180000)
  to   space 16384K, 0% used [0x00000000fd200000,0x00000000fd200000,0x00000000fe200000)
 ParOldGen       total 114176K, used 15542K [0x0000000080000000, 0x0000000086f80000, 0x00000000d5580000)
  object space 114176K, 13% used [0x0000000080000000,0x0000000080f2db78,0x0000000086f80000)
 Metaspace       used 35064K, capacity 36426K, committed 37248K, reserved 1087488K
  class space    used 3981K, capacity 4425K, committed 4736K, reserved 1048576K
Event: 128.871 GC heap after
Heap after GC invocations=27 (full 4):
 PSYoungGen      total 668160K, used 96K [0x00000000d5580000, 0x00000000ff980000, 0x0000000100000000)
  eden space 651776K, 0% used [0x00000000d5580000,0x00000000d5580000,0x00000000fd200000)
  from space 16384K, 0% used [0x00000000fd200000,0x00000000fd218000,0x00000000fe200000)
  to   space 15872K, 0% used [0x00000000fe200000,0x00000000fe200000,0x00000000ff180000)
 ParOldGen       total 114176K, used 15542K [0x0000000080000000, 0x0000000086f80000, 0x00000000d5580000)
  object space 114176K, 13% used [0x0000000080000000,0x0000000080f2db78,0x0000000086f80000)
 Metaspace       used 35064K, capacity 36426K, committed 37248K, reserved 1087488K
  class space    used 3981K, capacity 4425K, committed 4736K, reserved 1048576K
}
Event: 128.871 GC heap before
{Heap before GC invocations=28 (full 5):
 PSYoungGen      total 668160K, used 96K [0x00000000d5580000, 0x00000000ff980000, 0x0000000100000000)
  eden space 651776K, 0% used [0x00000000d5580000,0x00000000d5580000,0x00000000fd200000)
  from space 16384K, 0% used [0x00000000fd200000,0x00000000fd218000,0x00000000fe200000)
  to   space 15872K, 0% used [0x00000000fe200000,0x00000000fe200000,0x00000000ff180000)
 ParOldGen       total 114176K, used 15542K [0x0000000080000000, 0x0000000086f80000, 0x00000000d5580000)
  object space 114176K, 13% used [0x0000000080000000,0x0000000080f2db78,0x0000000086f80000)
 Metaspace       used 35064K, capacity 36426K, committed 37248K, reserved 1087488K
  class space    used 3981K, capacity 4425K, committed 4736K, reserved 1048576K
Event: 128.911 GC heap after
Heap after GC invocations=28 (full 5):
 PSYoungGen      total 668160K, used 0K [0x00000000d5580000, 0x00000000ff980000, 0x0000000100000000)
  eden space 651776K, 0% used [0x00000000d5580000,0x00000000d5580000,0x00000000fd200000)
  from space 16384K, 0% used [0x00000000fd200000,0x00000000fd200000,0x00000000fe200000)
  to   space 15872K, 0% used [0x00000000fe200000,0x00000000fe200000,0x00000000ff180000)
 ParOldGen       total 114176K, used 14292K [0x0000000080000000, 0x0000000086f80000, 0x00000000d5580000)
  object space 114176K, 12% used [0x0000000080000000,0x0000000080df53a8,0x0000000086f80000)
 Metaspace       used 35064K, capacity 36426K, committed 37248K, reserved 1083392K
  class space    used 3981K, capacity 4425K, committed 4736K, reserved 1048576K
}
Event: 128.911 GC heap before
{Heap before GC invocations=29 (full 5):
 PSYoungGen      total 668160K, used 0K [0x00000000d5580000, 0x00000000ff980000, 0x0000000100000000)
  eden space 651776K, 0% used [0x00000000d5580000,0x00000000d5580000,0x00000000fd200000)
  from space 16384K, 0% used [0x00000000fd200000,0x00000000fd200000,0x00000000fe200000)
  to   space 15872K, 0% used [0x00000000fe200000,0x00000000fe200000,0x00000000ff180000)
 ParOldGen       total 114176K, used 14292K [0x0000000080000000, 0x0000000086f80000, 0x00000000d5580000)
  object space 114176K, 12% used [0x0000000080000000,0x0000000080df53a8,0x0000000086f80000)
 Metaspace       used 35064K, capacity 36426K, committed 37248K, reserved 1087488K
  class space    used 3981K, capacity 4425K, committed 4736K, reserved 1048576K
Event: 128.912 GC heap after
Heap after GC invocations=29 (full 5):
 PSYoungGen      total 667648K, used 0K [0x00000000d5580000, 0x00000000ff980000, 0x0000000100000000)
  eden space 651776K, 0% used [0x00000000d5580000,0x00000000d5580000,0x00000000fd200000)
  from space 15872K, 0% used [0x00000000fe200000,0x00000000fe200000,0x00000000ff180000)
  to   space 16384K, 0% used [0x00000000fd200000,0x00000000fd200000,0x00000000fe200000)
 ParOldGen       total 114176K, used 14292K [0x0000000080000000, 0x0000000086f80000, 0x00000000d5580000)
  object space 114176K, 12% used [0x0000000080000000,0x0000000080df53a8,0x0000000086f80000)
 Metaspace       used 35064K, capacity 36426K, committed 37248K, reserved 1087488K
  class space    used 3981K, capacity 4425K, committed 4736K, reserved 1048576K
}
Event: 128.912 GC heap before
{Heap before GC invocations=30 (full 6):
 PSYoungGen      total 667648K, used 0K [0x00000000d5580000, 0x00000000ff980000, 0x0000000100000000)
  eden space 651776K, 0% used [0x00000000d5580000,0x00000000d5580000,0x00000000fd200000)
  from space 15872K, 0% used [0x00000000fe200000,0x00000000fe200000,0x00000000ff180000)
  to   space 16384K, 0% used [0x00000000fd200000,0x00000000fd200000,0x00000000fe200000)
 ParOldGen       total 114176K, used 14292K [0x0000000080000000, 0x0000000086f80000, 0x00000000d5580000)
  object space 114176K, 12% used [0x0000000080000000,0x0000000080df53a8,0x0000000086f80000)
 Metaspace       used 35064K, capacity 36426K, committed 37248K, reserved 1087488K
  class space    used 3981K, capacity 4425K, committed 4736K, reserved 1048576K
Event: 128.994 GC heap after
Heap after GC invocations=30 (full 6):
 PSYoungGen      total 667648K, used 0K [0x00000000d5580000, 0x00000000ff980000, 0x0000000100000000)
  eden space 651776K, 0% used [0x00000000d5580000,0x00000000d5580000,0x00000000fd200000)
  from space 15872K, 0% used [0x00000000fe200000,0x00000000fe200000,0x00000000ff180000)
  to   space 16384K, 0% used [0x00000000fd200000,0x00000000fd200000,0x00000000fe200000)
 ParOldGen       total 114176K, used 14286K [0x0000000080000000, 0x0000000086f80000, 0x00000000d5580000)
  object space 114176K, 12% used [0x0000000080000000,0x0000000080df3aa0,0x0000000086f80000)
 Metaspace       used 35064K, capacity 36426K, committed 37248K, reserved 1083392K
  class space    used 3981K, capacity 4425K, committed 4736K, reserved 1048576K
}

