# JRE version: OpenJDK Runtime Environment (Zulu 8.52.0.23-CA-win64) (8.0_282-b08) (build 1.8.0_282-b08)
# Java VM: OpenJDK 64-Bit Server VM (25.282-b08 mixed mode windows-amd64 compressed oops)
Heap:
 PSYoungGen      total 133632K, used 93409K [0x00000000d5580000, 0x00000000e0000000, 0x0000000100000000)
  eden space 120320K, 74% used [0x00000000d5580000,0x00000000dace8960,0x00000000dcb00000)
  from space 13312K, 29% used [0x00000000dcb00000,0x00000000dcecfaa8,0x00000000dd800000)
  to   space 13312K, 0% used [0x00000000df300000,0x00000000df300000,0x00000000e0000000)
 ParOldGen       total 107520K, used 11406K [0x0000000080000000, 0x0000000086900000, 0x00000000d5580000)
  object space 107520K, 10% used [0x0000000080000000,0x0000000080b239c0,0x0000000086900000)
 Metaspace       used 29051K, capacity 30060K, committed 30080K, reserved 1075200K
  class space    used 3404K, capacity 3710K, committed 3712K, reserved 1048576K
GC Heap History (10 events):
Event: 2.896 GC heap before
{Heap before GC invocations=4 (full 0):
 PSYoungGen      total 76288K, used 74333K [0x00000000d5580000, 0x00000000daa80000, 0x0000000100000000)
  eden space 65536K, 100% used [0x00000000d5580000,0x00000000d9580000,0x00000000d9580000)
  from space 10752K, 81% used [0x00000000d9580000,0x00000000d9e175c8,0x00000000da000000)
  to   space 10752K, 0% used [0x00000000da000000,0x00000000da000000,0x00000000daa80000)
 ParOldGen       total 175104K, used 88K [0x0000000080000000, 0x000000008ab00000, 0x00000000d5580000)
  object space 175104K, 0% used [0x0000000080000000,0x0000000080016010,0x000000008ab00000)
 Metaspace       used 20063K, capacity 20286K, committed 20608K, reserved 1067008K
  class space    used 2206K, capacity 2314K, committed 2432K, reserved 1048576K
Event: 2.905 GC heap after
Heap after GC invocations=4 (full 0):
 PSYoungGen      total 76288K, used 9910K [0x00000000d5580000, 0x00000000dea80000, 0x0000000100000000)
  eden space 65536K, 0% used [0x00000000d5580000,0x00000000d5580000,0x00000000d9580000)
  from space 10752K, 92% used [0x00000000da000000,0x00000000da9ad808,0x00000000daa80000)
  to   space 10752K, 0% used [0x00000000d9580000,0x00000000d9580000,0x00000000da000000)
 ParOldGen       total 175104K, used 96K [0x0000000080000000, 0x000000008ab00000, 0x00000000d5580000)
  object space 175104K, 0% used [0x0000000080000000,0x0000000080018010,0x000000008ab00000)
 Metaspace       used 20063K, capacity 20286K, committed 20608K, reserved 1067008K
  class space    used 2206K, capacity 2314K, committed 2432K, reserved 1048576K
}
Event: 3.127 GC heap before
{Heap before GC invocations=5 (full 0):
 PSYoungGen      total 76288K, used 29506K [0x00000000d5580000, 0x00000000dea80000, 0x0000000100000000)
  eden space 65536K, 29% used [0x00000000d5580000,0x00000000d68a30d0,0x00000000d9580000)
  from space 10752K, 92% used [0x00000000da000000,0x00000000da9ad808,0x00000000daa80000)
  to   space 10752K, 0% used [0x00000000d9580000,0x00000000d9580000,0x00000000da000000)
 ParOldGen       total 175104K, used 96K [0x0000000080000000, 0x000000008ab00000, 0x00000000d5580000)
  object space 175104K, 0% used [0x0000000080000000,0x0000000080018010,0x000000008ab00000)
 Metaspace       used 20796K, capacity 21044K, committed 21296K, reserved 1069056K
  class space    used 2283K, capacity 2391K, committed 2432K, reserved 1048576K
Event: 3.138 GC heap after
Heap after GC invocations=5 (full 0):
 PSYoungGen      total 76288K, used 10723K [0x00000000d5580000, 0x00000000dee80000, 0x0000000100000000)
  eden space 65536K, 0% used [0x00000000d5580000,0x00000000d5580000,0x00000000d9580000)
  from space 10752K, 99% used [0x00000000d9580000,0x00000000d9ff8e70,0x00000000da000000)
  to   space 12800K, 0% used [0x00000000de200000,0x00000000de200000,0x00000000dee80000)
 ParOldGen       total 175104K, used 764K [0x0000000080000000, 0x000000008ab00000, 0x00000000d5580000)
  object space 175104K, 0% used [0x0000000080000000,0x00000000800bf118,0x000000008ab00000)
 Metaspace       used 20796K, capacity 21044K, committed 21296K, reserved 1069056K
  class space    used 2283K, capacity 2391K, committed 2432K, reserved 1048576K
}
Event: 3.139 GC heap before
{Heap before GC invocations=6 (full 1):
 PSYoungGen      total 76288K, used 10723K [0x00000000d5580000, 0x00000000dee80000, 0x0000000100000000)
  eden space 65536K, 0% used [0x00000000d5580000,0x00000000d5580000,0x00000000d9580000)
  from space 10752K, 99% used [0x00000000d9580000,0x00000000d9ff8e70,0x00000000da000000)
  to   space 12800K, 0% used [0x00000000de200000,0x00000000de200000,0x00000000dee80000)
 ParOldGen       total 175104K, used 764K [0x0000000080000000, 0x000000008ab00000, 0x00000000d5580000)
  object space 175104K, 0% used [0x0000000080000000,0x00000000800bf118,0x000000008ab00000)
 Metaspace       used 20796K, capacity 21044K, committed 21296K, reserved 1069056K
  class space    used 2283K, capacity 2391K, committed 2432K, reserved 1048576K
Event: 3.191 GC heap after
Heap after GC invocations=6 (full 1):
 PSYoungGen      total 76288K, used 0K [0x00000000d5580000, 0x00000000dee80000, 0x0000000100000000)
  eden space 65536K, 0% used [0x00000000d5580000,0x00000000d5580000,0x00000000d9580000)
  from space 10752K, 0% used [0x00000000d9580000,0x00000000d9580000,0x00000000da000000)
  to   space 12800K, 0% used [0x00000000de200000,0x00000000de200000,0x00000000dee80000)
 ParOldGen       total 107520K, used 11398K [0x0000000080000000, 0x0000000086900000, 0x00000000d5580000)
  object space 107520K, 10% used [0x0000000080000000,0x0000000080b219c0,0x0000000086900000)
 Metaspace       used 20796K, capacity 21044K, committed 21296K, reserved 1069056K
  class space    used 2283K, capacity 2391K, committed 2432K, reserved 1048576K
}
Event: 3.605 GC heap before
{Heap before GC invocations=7 (full 1):
 PSYoungGen      total 76288K, used 65536K [0x00000000d5580000, 0x00000000dee80000, 0x0000000100000000)
  eden space 65536K, 100% used [0x00000000d5580000,0x00000000d9580000,0x00000000d9580000)
  from space 10752K, 0% used [0x00000000d9580000,0x00000000d9580000,0x00000000da000000)
  to   space 12800K, 0% used [0x00000000de200000,0x00000000de200000,0x00000000dee80000)
 ParOldGen       total 107520K, used 11398K [0x0000000080000000, 0x0000000086900000, 0x00000000d5580000)
  object space 107520K, 10% used [0x0000000080000000,0x0000000080b219c0,0x0000000086900000)
 Metaspace       used 22196K, capacity 22568K, committed 22704K, reserved 1069056K
  class space    used 2450K, capacity 2556K, committed 2560K, reserved 1048576K
Event: 3.608 GC heap after
Heap after GC invocations=7 (full 1):
 PSYoungGen      total 102400K, used 2636K [0x00000000d5580000, 0x00000000de500000, 0x0000000100000000)
  eden space 99328K, 0% used [0x00000000d5580000,0x00000000d5580000,0x00000000db680000)
  from space 3072K, 85% used [0x00000000de200000,0x00000000de493238,0x00000000de500000)
  to   space 13312K, 0% used [0x00000000dcb00000,0x00000000dcb00000,0x00000000dd800000)
 ParOldGen       total 107520K, used 11406K [0x0000000080000000, 0x0000000086900000, 0x00000000d5580000)
  object space 107520K, 10% used [0x0000000080000000,0x0000000080b239c0,0x0000000086900000)
 Metaspace       used 22196K, capacity 22568K, committed 22704K, reserved 1069056K
  class space    used 2450K, capacity 2556K, committed 2560K, reserved 1048576K
}
Event: 4.307 GC heap before
{Heap before GC invocations=8 (full 1):
 PSYoungGen      total 102400K, used 101964K [0x00000000d5580000, 0x00000000de500000, 0x0000000100000000)
  eden space 99328K, 100% used [0x00000000d5580000,0x00000000db680000,0x00000000db680000)
  from space 3072K, 85% used [0x00000000de200000,0x00000000de493238,0x00000000de500000)
  to   space 13312K, 0% used [0x00000000dcb00000,0x00000000dcb00000,0x00000000dd800000)
 ParOldGen       total 107520K, used 11406K [0x0000000080000000, 0x0000000086900000, 0x00000000d5580000)
  object space 107520K, 10% used [0x0000000080000000,0x0000000080b239c0,0x0000000086900000)
 Metaspace       used 22780K, capacity 23248K, committed 23424K, reserved 1071104K
  class space    used 2502K, capacity 2674K, committed 2688K, reserved 1048576K
Event: 4.315 GC heap after
Heap after GC invocations=8 (full 1):
 PSYoungGen      total 133632K, used 3902K [0x00000000d5580000, 0x00000000e0000000, 0x0000000100000000)
  eden space 120320K, 0% used [0x00000000d5580000,0x00000000d5580000,0x00000000dcb00000)
  from space 13312K, 29% used [0x00000000dcb00000,0x00000000dcecfaa8,0x00000000dd800000)
  to   space 13312K, 0% used [0x00000000df300000,0x00000000df300000,0x00000000e0000000)
 ParOldGen       total 107520K, used 11406K [0x0000000080000000, 0x0000000086900000, 0x00000000d5580000)
  object space 107520K, 10% used [0x0000000080000000,0x0000000080b239c0,0x0000000086900000)
 Metaspace       used 22780K, capacity 23248K, committed 23424K, reserved 1071104K
  class space    used 2502K, capacity 2674K, committed 2688K, reserved 1048576K
}

